<?xml version="1.0" encoding="UTF-8"?>
<!-- Generated by org.testng.reporters.JUnitReportReporter -->
<testsuite hostname="koushik" failures="0" tests="2" name="testCases.TC_002_LoginTest" time="2.267" errors="0" timestamp="2024-06-22T20:36:39 IST" skipped="0">
  <testcase classname="testCases.TC_002_LoginTest" name="verify_login" time="1.073"/>
  <system-out/>
  <testcase classname="testCases.TC_002_LoginTest" name="verify_login" time="1.194"/>
  <system-out/>
</testsuite> <!-- testCases.TC_002_LoginTest -->
