<?xml version="1.0" encoding="UTF-8"?>
<!-- Generated by org.testng.reporters.JUnitReportReporter -->
<testsuite hostname="koushik" failures="0" tests="2" name="testCases.TC_001_AccountRegistrationTest" time="3.777" errors="0" timestamp="2024-06-22T20:36:39 IST" skipped="0">
  <testcase classname="testCases.TC_001_AccountRegistrationTest" name="verify_account_registration" time="1.888"/>
  <system-out/>
  <testcase classname="testCases.TC_001_AccountRegistrationTest" name="verify_account_registration" time="1.889"/>
  <system-out/>
</testsuite> <!-- testCases.TC_001_AccountRegistrationTest -->
